<?xml version="1.0" encoding="UTF-8"?>
<testng-results skipped="0" failed="0" ignored="0" total="1" passed="1">
  <reporter-output>
  </reporter-output>
  <suite name="Default suite" duration-ms="3272" started-at="2020-06-29T22:33:15 IST" finished-at="2020-06-29T22:33:18 IST">
    <groups>
    </groups>
    <test name="Default test" duration-ms="3272" started-at="2020-06-29T22:33:15 IST" finished-at="2020-06-29T22:33:18 IST">
      <class name="Login.CreateTicket20734">
        <test-method status="PASS" signature="token()[pri:0, instance:Login.CreateTicket20734@4f970963]" name="token" is-config="true" duration-ms="3143" started-at="2020-06-29T22:33:15 IST" finished-at="2020-06-29T22:33:18 IST">
          <reporter-output>
          </reporter-output>
        </test-method> <!-- token -->
        <test-method status="PASS" signature="createdticketverify()[pri:0, instance:Login.CreateTicket20734@4f970963]" name="createdticketverify" duration-ms="87" started-at="2020-06-29T22:33:18 IST" finished-at="2020-06-29T22:33:18 IST">
          <reporter-output>
          </reporter-output>
        </test-method> <!-- createdticketverify -->
      </class> <!-- Login.CreateTicket20734 -->
    </test> <!-- Default test -->
  </suite> <!-- Default suite -->
</testng-results>
